# JRE version: Java(TM) SE Runtime Environment (8.0_25-b18) (build 1.8.0_25-b18)
# Java VM: Java HotSpot(TM) 64-Bit Server VM (25.25-b02 mixed mode windows-amd64 compressed oops)
Heap:
 PSYoungGen      total 276480K, used 249423K [0x00000000d5f00000, 0x00000000f1600000, 0x0000000100000000)
  eden space 257024K, 97% used [0x00000000d5f00000,0x00000000e5293ca8,0x00000000e5a00000)
  from space 19456K, 0% used [0x00000000e5a00000,0x00000000e5a00000,0x00000000e6d00000)
  to   space 18944K, 0% used [0x00000000f0380000,0x00000000f0380000,0x00000000f1600000)
 ParOldGen       total 61952K, used 10004K [0x0000000081c00000, 0x0000000085880000, 0x00000000d5f00000)
  object space 61952K, 16% used [0x0000000081c00000,0x00000000825c5300,0x0000000085880000)
 Metaspace       used 25715K, capacity 26272K, committed 26624K, reserved 1073152K
  class space    used 2951K, capacity 3062K, committed 3072K, reserved 1048576K
GC Heap History (10 events):
Event: 1.812 GC heap before
{Heap before GC invocations=6 (full 0):
 PSYoungGen      total 71680K, used 71666K [0x00000000d5f00000, 0x00000000df400000, 0x0000000100000000)
  eden space 66560K, 100% used [0x00000000d5f00000,0x00000000da000000,0x00000000da000000)
  from space 5120K, 99% used [0x00000000da000000,0x00000000da4fc860,0x00000000da500000)
  to   space 9728K, 0% used [0x00000000dea80000,0x00000000dea80000,0x00000000df400000)
 ParOldGen       total 87552K, used 5153K [0x0000000081c00000, 0x0000000087180000, 0x00000000d5f00000)
  object space 87552K, 5% used [0x0000000081c00000,0x0000000082108588,0x0000000087180000)
 Metaspace       used 13254K, capacity 13526K, committed 13824K, reserved 1060864K
  class space    used 1435K, capacity 1527K, committed 1536K, reserved 1048576K
Event: 1.821 GC heap after
Heap after GC invocations=6 (full 0):
 PSYoungGen      total 138240K, used 9706K [0x00000000d5f00000, 0x00000000dfd00000, 0x0000000100000000)
  eden space 128512K, 0% used [0x00000000d5f00000,0x00000000d5f00000,0x00000000ddc80000)
  from space 9728K, 99% used [0x00000000dea80000,0x00000000df3faa10,0x00000000df400000)
  to   space 14336K, 0% used [0x00000000ddc80000,0x00000000ddc80000,0x00000000dea80000)
 ParOldGen       total 87552K, used 9636K [0x0000000081c00000, 0x0000000087180000, 0x00000000d5f00000)
  object space 87552K, 11% used [0x0000000081c00000,0x0000000082569378,0x0000000087180000)
 Metaspace       used 13254K, capacity 13526K, committed 13824K, reserved 1060864K
  class space    used 1435K, capacity 1527K, committed 1536K, reserved 1048576K
}
Event: 2.129 GC heap before
{Heap before GC invocations=7 (full 0):
 PSYoungGen      total 138240K, used 138218K [0x00000000d5f00000, 0x00000000dfd00000, 0x0000000100000000)
  eden space 128512K, 100% used [0x00000000d5f00000,0x00000000ddc80000,0x00000000ddc80000)
  from space 9728K, 99% used [0x00000000dea80000,0x00000000df3faa10,0x00000000df400000)
  to   space 14336K, 0% used [0x00000000ddc80000,0x00000000ddc80000,0x00000000dea80000)
 ParOldGen       total 87552K, used 9636K [0x0000000081c00000, 0x0000000087180000, 0x00000000d5f00000)
  object space 87552K, 11% used [0x0000000081c00000,0x0000000082569378,0x0000000087180000)
 Metaspace       used 13262K, capacity 13526K, committed 13824K, reserved 1060864K
  class space    used 1437K, capacity 1527K, committed 1536K, reserved 1048576K
Event: 2.148 GC heap after
Heap after GC invocations=7 (full 0):
 PSYoungGen      total 142848K, used 14312K [0x00000000d5f00000, 0x00000000e8300000, 0x0000000100000000)
  eden space 128512K, 0% used [0x00000000d5f00000,0x00000000d5f00000,0x00000000ddc80000)
  from space 14336K, 99% used [0x00000000ddc80000,0x00000000dea7a120,0x00000000dea80000)
  to   space 20992K, 0% used [0x00000000e6e80000,0x00000000e6e80000,0x00000000e8300000)
 ParOldGen       total 87552K, used 17361K [0x0000000081c00000, 0x0000000087180000, 0x00000000d5f00000)
  object space 87552K, 19% used [0x0000000081c00000,0x0000000082cf4608,0x0000000087180000)
 Metaspace       used 13262K, capacity 13526K, committed 13824K, reserved 1060864K
  class space    used 1437K, capacity 1527K, committed 1536K, reserved 1048576K
}
Event: 3.090 GC heap before
{Heap before GC invocations=8 (full 0):
 PSYoungGen      total 142848K, used 142824K [0x00000000d5f00000, 0x00000000e8300000, 0x0000000100000000)
  eden space 128512K, 100% used [0x00000000d5f00000,0x00000000ddc80000,0x00000000ddc80000)
  from space 14336K, 99% used [0x00000000ddc80000,0x00000000dea7a120,0x00000000dea80000)
  to   space 20992K, 0% used [0x00000000e6e80000,0x00000000e6e80000,0x00000000e8300000)
 ParOldGen       total 87552K, used 17361K [0x0000000081c00000, 0x0000000087180000, 0x00000000d5f00000)
  object space 87552K, 19% used [0x0000000081c00000,0x0000000082cf4608,0x0000000087180000)
 Metaspace       used 19620K, capacity 19854K, committed 20096K, reserved 1067008K
  class space    used 2284K, capacity 2331K, committed 2432K, reserved 1048576K
Event: 3.097 GC heap after
Heap after GC invocations=8 (full 0):
 PSYoungGen      total 274944K, used 8553K [0x00000000d5f00000, 0x00000000e8000000, 0x0000000100000000)
  eden space 257024K, 0% used [0x00000000d5f00000,0x00000000d5f00000,0x00000000e5a00000)
  from space 17920K, 47% used [0x00000000e6e80000,0x00000000e76da680,0x00000000e8000000)
  to   space 19456K, 0% used [0x00000000e5a00000,0x00000000e5a00000,0x00000000e6d00000)
 ParOldGen       total 87552K, used 18830K [0x0000000081c00000, 0x0000000087180000, 0x00000000d5f00000)
  object space 87552K, 21% used [0x0000000081c00000,0x0000000082e63a18,0x0000000087180000)
 Metaspace       used 19620K, capacity 19854K, committed 20096K, reserved 1067008K
  class space    used 2284K, capacity 2331K, committed 2432K, reserved 1048576K
}
Event: 3.465 GC heap before
{Heap before GC invocations=9 (full 0):
 PSYoungGen      total 274944K, used 85162K [0x00000000d5f00000, 0x00000000e8000000, 0x0000000100000000)
  eden space 257024K, 29% used [0x00000000d5f00000,0x00000000da9d0528,0x00000000e5a00000)
  from space 17920K, 47% used [0x00000000e6e80000,0x00000000e76da680,0x00000000e8000000)
  to   space 19456K, 0% used [0x00000000e5a00000,0x00000000e5a00000,0x00000000e6d00000)
 ParOldGen       total 87552K, used 18830K [0x0000000081c00000, 0x0000000087180000, 0x00000000d5f00000)
  object space 87552K, 21% used [0x0000000081c00000,0x0000000082e63a18,0x0000000087180000)
 Metaspace       used 20665K, capacity 20958K, committed 21248K, reserved 1069056K
  class space    used 2362K, capacity 2434K, committed 2560K, reserved 1048576K
Event: 3.469 GC heap after
Heap after GC invocations=9 (full 0):
 PSYoungGen      total 276480K, used 4616K [0x00000000d5f00000, 0x00000000f1600000, 0x0000000100000000)
  eden space 257024K, 0% used [0x00000000d5f00000,0x00000000d5f00000,0x00000000e5a00000)
  from space 19456K, 23% used [0x00000000e5a00000,0x00000000e5e82340,0x00000000e6d00000)
  to   space 18944K, 0% used [0x00000000f0380000,0x00000000f0380000,0x00000000f1600000)
 ParOldGen       total 87552K, used 19533K [0x0000000081c00000, 0x0000000087180000, 0x00000000d5f00000)
  object space 87552K, 22% used [0x0000000081c00000,0x0000000082f13718,0x0000000087180000)
 Metaspace       used 20665K, capacity 20958K, committed 21248K, reserved 1069056K
  class space    used 2362K, capacity 2434K, committed 2560K, reserved 1048576K
}
Event: 3.469 GC heap before
{Heap before GC invocations=10 (full 1):
 PSYoungGen      total 276480K, used 4616K [0x00000000d5f00000, 0x00000000f1600000, 0x0000000100000000)
  eden space 257024K, 0% used [0x00000000d5f00000,0x00000000d5f00000,0x00000000e5a00000)
  from space 19456K, 23% used [0x00000000e5a00000,0x00000000e5e82340,0x00000000e6d00000)
  to   space 18944K, 0% used [0x00000000f0380000,0x00000000f0380000,0x00000000f1600000)
 ParOldGen       total 87552K, used 19533K [0x0000000081c00000, 0x0000000087180000, 0x00000000d5f00000)
  object space 87552K, 22% used [0x0000000081c00000,0x0000000082f13718,0x0000000087180000)
 Metaspace       used 20665K, capacity 20958K, committed 21248K, reserved 1069056K
  class space    used 2362K, capacity 2434K, committed 2560K, reserved 1048576K
Event: 3.507 GC heap after
Heap after GC invocations=10 (full 1):
 PSYoungGen      total 276480K, used 0K [0x00000000d5f00000, 0x00000000f1600000, 0x0000000100000000)
  eden space 257024K, 0% used [0x00000000d5f00000,0x00000000d5f00000,0x00000000e5a00000)
  from space 19456K, 0% used [0x00000000e5a00000,0x00000000e5a00000,0x00000000e6d00000)
  to   space 18944K, 0% used [0x00000000f0380000,0x00000000f0380000,0x00000000f1600000)
 ParOldGen       total 61952K, used 10004K [0x0000000081c00000, 0x0000000085880000, 0x00000000d5f00000)
  object space 61952K, 16% used [0x0000000081c00000,0x00000000825c5300,0x0000000085880000)
 Metaspace       used 20665K, capacity 20958K, committed 21248K, reserved 1069056K
  class space    used 2362K, capacity 2434K, committed 2560K, reserved 1048576K
}

